2022-09-23 00:08:40.495  INFO 9948 --- [main] com.winnie.demo.DemoApplicationTests     : Starting DemoApplicationTests using Java 1.8.0_202 on Winnie with PID 9948 (started by Winnie in C:\Users\linw2\Downloads\demo\demo)
2022-09-23 00:08:40.500 DEBUG 9948 --- [main] com.winnie.demo.DemoApplicationTests     : Running with Spring Boot v2.7.3, Spring v5.3.22
2022-09-23 00:08:40.502  INFO 9948 --- [main] com.winnie.demo.DemoApplicationTests     : No active profile set, falling back to 1 default profile: "default"
2022-09-23 00:08:41.908 DEBUG 9948 --- [main] c.winnie.demo.config.WebSecurityConfig   : {"auth":"org.springframework.security.config.annotation.authentication.configuration.AuthenticationConfiguration$DefaultPasswordEncoderAuthenticationManagerBuilder@1d9e827"}
2022-09-23 00:08:42.649 DEBUG 9948 --- [main] c.winnie.demo.config.WebSecurityConfig   : {"httpSecurity":"org.springframework.security.config.annotation.web.builders.HttpSecurity@132c7a5"}
2022-09-23 00:08:44.661  INFO 9948 --- [main] com.winnie.demo.DemoApplicationTests     : Started DemoApplicationTests in 4.592 seconds (JVM running for 5.545)
2022-09-23 00:08:44.957 DEBUG 9948 --- [main] com.winnie.demo.filter.JwtRequestFilter  : {"request":"org.springframework.security.web.header.HeaderWriterFilter$HeaderWriterRequest@1fc1c7e","chain":"org.springframework.security.web.FilterChainProxy$VirtualFilterChain@1cacb3e","response":"org.springframework.security.web.header.HeaderWriterFilter$HeaderWriterResponse@1957d9c"}
2022-09-23 00:08:45.081 DEBUG 9948 --- [main] c.w.d.ctrl.JwtAuthenticationController   : {"authenticationRequest":"JwtReq(userName=winnie, password=password)"}
2022-09-23 00:08:45.176 DEBUG 9948 --- [main] c.w.d.s.auth.JwtUserDetailsService       : {"userName":"winnie"}
2022-09-23 00:08:45.295 DEBUG 9948 --- [main] c.w.d.s.auth.JwtUserDetailsService       : {"userName":"winnie"}
2022-09-23 00:08:45.296 DEBUG 9948 --- [main] c.winnie.demo.service.util.JwtTokenUtil  : {"userDetails":"org.springframework.security.core.userdetails.User [Username=winnie, Password=[PROTECTED], Enabled=true, AccountNonExpired=true, credentialsNonExpired=true, AccountNonLocked=true, Granted Authorities=[]]"}
2022-09-23 00:08:45.384 DEBUG 9948 --- [main] com.winnie.demo.filter.JwtRequestFilter  : {"request":"org.springframework.security.web.header.HeaderWriterFilter$HeaderWriterRequest@1423d40","chain":"org.springframework.security.web.FilterChainProxy$VirtualFilterChain@13f57ff","response":"org.springframework.security.web.header.HeaderWriterFilter$HeaderWriterResponse@b644"}
2022-09-23 00:08:45.386 DEBUG 9948 --- [main] c.w.d.ctrl.JwtAuthenticationController   : {"authenticationRequest":"JwtReq(userName=winnie, password=password)"}
2022-09-23 00:08:45.386 DEBUG 9948 --- [main] c.w.d.s.auth.JwtUserDetailsService       : {"userName":"winnie"}
2022-09-23 00:08:45.474 DEBUG 9948 --- [main] c.w.d.s.auth.JwtUserDetailsService       : {"userName":"winnie"}
2022-09-23 00:08:45.475 DEBUG 9948 --- [main] c.winnie.demo.service.util.JwtTokenUtil  : {"userDetails":"org.springframework.security.core.userdetails.User [Username=winnie, Password=[PROTECTED], Enabled=true, AccountNonExpired=true, credentialsNonExpired=true, AccountNonLocked=true, Granted Authorities=[]]"}
2022-09-23 00:08:45.483 DEBUG 9948 --- [main] com.winnie.demo.filter.JwtRequestFilter  : {"request":"org.springframework.security.web.header.HeaderWriterFilter$HeaderWriterRequest@11ea1d9","chain":"org.springframework.security.web.FilterChainProxy$VirtualFilterChain@902015","response":"org.springframework.security.web.header.HeaderWriterFilter$HeaderWriterResponse@1d99dc3"}
2022-09-23 00:08:45.483 DEBUG 9948 --- [main] c.winnie.demo.service.util.JwtTokenUtil  : {"token":"eyJhbGciOiJIUzUxMiJ9.eyJzdWIiOiJ3aW5uaWUiLCJleHAiOjE2NjM4ODA5MjUsImlhdCI6MTY2Mzg2MjkyNX0.JXwBHTYW7H7JHU4i013TaluqIL9sxItuTGli6_3_5PT3Mjfk0KS4b2L0T3HIYrddOgGikEMpEVm-_jPInkvWVw"}
2022-09-23 00:08:45.483 DEBUG 9948 --- [main] c.winnie.demo.service.util.JwtTokenUtil  : {"claimsResolver":"com.winnie.demo.service.util.JwtTokenUtil$$Lambda$1738/1724524@64339f","token":"eyJhbGciOiJIUzUxMiJ9.eyJzdWIiOiJ3aW5uaWUiLCJleHAiOjE2NjM4ODA5MjUsImlhdCI6MTY2Mzg2MjkyNX0.JXwBHTYW7H7JHU4i013TaluqIL9sxItuTGli6_3_5PT3Mjfk0KS4b2L0T3HIYrddOgGikEMpEVm-_jPInkvWVw"}
2022-09-23 00:08:45.501 DEBUG 9948 --- [main] c.w.d.s.auth.JwtUserDetailsService       : {"userName":"winnie"}
2022-09-23 00:08:45.501 DEBUG 9948 --- [main] c.winnie.demo.service.util.JwtTokenUtil  : {"userDetails":"org.springframework.security.core.userdetails.User [Username=winnie, Password=[PROTECTED], Enabled=true, AccountNonExpired=true, credentialsNonExpired=true, AccountNonLocked=true, Granted Authorities=[]]","token":"eyJhbGciOiJIUzUxMiJ9.eyJzdWIiOiJ3aW5uaWUiLCJleHAiOjE2NjM4ODA5MjUsImlhdCI6MTY2Mzg2MjkyNX0.JXwBHTYW7H7JHU4i013TaluqIL9sxItuTGli6_3_5PT3Mjfk0KS4b2L0T3HIYrddOgGikEMpEVm-_jPInkvWVw"}
2022-09-23 00:08:45.502 DEBUG 9948 --- [main] c.winnie.demo.service.util.JwtTokenUtil  : {"claimsResolver":"com.winnie.demo.service.util.JwtTokenUtil$$Lambda$1739/26299317@1332b23","token":"eyJhbGciOiJIUzUxMiJ9.eyJzdWIiOiJ3aW5uaWUiLCJleHAiOjE2NjM4ODA5MjUsImlhdCI6MTY2Mzg2MjkyNX0.JXwBHTYW7H7JHU4i013TaluqIL9sxItuTGli6_3_5PT3Mjfk0KS4b2L0T3HIYrddOgGikEMpEVm-_jPInkvWVw"}
2022-09-23 00:08:45.503 DEBUG 9948 --- [main] c.winnie.demo.service.util.JwtTokenUtil  : {"token":"eyJhbGciOiJIUzUxMiJ9.eyJzdWIiOiJ3aW5uaWUiLCJleHAiOjE2NjM4ODA5MjUsImlhdCI6MTY2Mzg2MjkyNX0.JXwBHTYW7H7JHU4i013TaluqIL9sxItuTGli6_3_5PT3Mjfk0KS4b2L0T3HIYrddOgGikEMpEVm-_jPInkvWVw"}
2022-09-23 00:08:45.503 DEBUG 9948 --- [main] c.winnie.demo.service.util.JwtTokenUtil  : {"claimsResolver":"com.winnie.demo.service.util.JwtTokenUtil$$Lambda$1738/1724524@64339f","token":"eyJhbGciOiJIUzUxMiJ9.eyJzdWIiOiJ3aW5uaWUiLCJleHAiOjE2NjM4ODA5MjUsImlhdCI6MTY2Mzg2MjkyNX0.JXwBHTYW7H7JHU4i013TaluqIL9sxItuTGli6_3_5PT3Mjfk0KS4b2L0T3HIYrddOgGikEMpEVm-_jPInkvWVw"}
2022-09-23 00:08:45.528 DEBUG 9948 --- [main] c.w.demo.ctrl.TransactionController      : {}
2022-09-23 00:08:45.528 DEBUG 9948 --- [main] c.w.demo.service.TransactionService      : {"trans":"Transaction(id=89d3o179-abcd-465b-o9ee-e2d5f6ofEld47, currency=CHF, amount=75, iban=CH93-0000-0000-0000-0000-0, date=20210110, description=Online payment CHF)"}
2022-09-23 00:08:45.532 DEBUG 9948 --- [main] com.winnie.demo.dao.MockDAO              : {"id":"89d3o179-abcd-465b-o9ee-e2d5f6ofEld47"}
2022-09-23 00:08:45.532 DEBUG 9948 --- [main] com.winnie.demo.dao.MockDAO              : {"transaction":"Transaction(id=89d3o179-abcd-465b-o9ee-e2d5f6ofEld47, currency=CHF, amount=75, iban=CH93-0000-0000-0000-0000-0, date=20210110, description=Online payment CHF)"}
2022-09-23 00:08:45.540 DEBUG 9948 --- [main] c.w.d.s.auth.JwtUserDetailsService       : {"userName":"winnie"}
2022-09-23 00:08:45.598 DEBUG 9948 --- [main] c.w.d.s.auth.JwtUserDetailsService       : {"userName":"lily"}
2022-09-23 00:08:45.601 DEBUG 9948 --- [main] com.winnie.demo.service.util.Format      : {"date":"20220920","type":"01"}
2022-09-23 00:08:45.647 DEBUG 9948 --- [main] com.winnie.demo.service.util.Format      : {"date":"20220112","type":"01"}
2022-09-23 00:08:45.647 DEBUG 9948 --- [main] com.winnie.demo.service.util.Format      : {"date":"20221231","type":"01"}
2022-09-23 00:08:45.648 DEBUG 9948 --- [main] com.winnie.demo.service.util.Format      : {"date":"31/02/2022","type":"01"}
2022-09-23 00:08:45.649 DEBUG 9948 --- [main] com.winnie.demo.service.util.Format      : {"date":"02.13.2022","type":"01"}
